<?xml version="1.0" encoding="UTF-8"?>
<testng-results ignored="0" total="1" passed="1" failed="0" skipped="0">
  <reporter-output>
  </reporter-output>
  <suite started-at="2024-03-18T10:36:26 PDT" name="Suite" finished-at="2024-03-18T10:36:30 PDT" duration-ms="3937">
    <groups>
    </groups>
    <test started-at="2024-03-18T10:36:26 PDT" name="Test" finished-at="2024-03-18T10:36:30 PDT" duration-ms="3937">
      <class name="sampleMavenSeleniumProject.LoginPageTest">
        <test-method signature="pageLoginTest()[pri:1, instance:sampleMavenSeleniumProject.LoginPageTest@202ae86f]" started-at="2024-03-18T10:36:26 PDT" name="pageLoginTest" finished-at="2024-03-18T10:36:30 PDT" duration-ms="3877" status="PASS">
          <reporter-output>
          </reporter-output>
        </test-method> <!-- pageLoginTest -->
      </class> <!-- sampleMavenSeleniumProject.LoginPageTest -->
    </test> <!-- Test -->
  </suite> <!-- Suite -->
</testng-results>
