<?xml version="1.0" encoding="UTF-8"?>
<testng-results ignored="0" total="1" passed="1" failed="0" skipped="0">
  <reporter-output>
  </reporter-output>
  <suite started-at="2024-03-13T23:38:02 PDT" name="Default suite" finished-at="2024-03-13T23:38:09 PDT" duration-ms="6503">
    <groups>
    </groups>
    <test started-at="2024-03-13T23:38:02 PDT" name="Default test" finished-at="2024-03-13T23:38:09 PDT" duration-ms="6503">
      <class name="sampleMavenSeleniumProject.Test1">
        <test-method signature="setUp()[pri:1, instance:sampleMavenSeleniumProject.Test1@5a058be5]" started-at="2024-03-13T23:38:02 PDT" name="setUp" finished-at="2024-03-13T23:38:09 PDT" duration-ms="6436" status="PASS">
          <reporter-output>
          </reporter-output>
        </test-method> <!-- setUp -->
      </class> <!-- sampleMavenSeleniumProject.Test1 -->
    </test> <!-- Default test -->
  </suite> <!-- Default suite -->
</testng-results>
